  [1m[35m (0.5ms)[0m  [1m[34mSELECT sqlite_version(*)[0m
  [1m[35m (1.3ms)[0m  [1m[35mCREATE TABLE "schema_migrations" ("version" varchar NOT NULL PRIMARY KEY)[0m
  [1m[35m (1.2ms)[0m  [1m[35mCREATE TABLE "ar_internal_metadata" ("key" varchar NOT NULL PRIMARY KEY, "value" varchar, "created_at" datetime NOT NULL, "updated_at" datetime NOT NULL)[0m
  [1m[35m (0.1ms)[0m  [1m[34mSELECT "schema_migrations"."version" FROM "schema_migrations" ORDER BY "schema_migrations"."version" ASC[0m
Migrating to CreateOrders (20180618100138)
  [1m[35m (0.1ms)[0m  [1m[36mbegin transaction[0m
  [1m[35m (0.4ms)[0m  [1m[35mCREATE TABLE "orders" ("id" INTEGER PRIMARY KEY AUTOINCREMENT NOT NULL, "name" varchar, "email" varchar, "phone" integer, "created_at" datetime NOT NULL, "updated_at" datetime NOT NULL)[0m
  [1m[35mSQL (0.2ms)[0m  [1m[32mINSERT INTO "schema_migrations" ("version") VALUES (?)[0m  [["version", "20180618100138"]]
  [1m[35m (1.1ms)[0m  [1m[36mcommit transaction[0m
  [1m[36mActiveRecord::InternalMetadata Load (0.1ms)[0m  [1m[34mSELECT  "ar_internal_metadata".* FROM "ar_internal_metadata" WHERE "ar_internal_metadata"."key" = ? LIMIT ?[0m  [["key", "environment"], ["LIMIT", 1]]
  [1m[35m (0.1ms)[0m  [1m[36mbegin transaction[0m
  [1m[35mSQL (0.3ms)[0m  [1m[32mINSERT INTO "ar_internal_metadata" ("key", "value", "created_at", "updated_at") VALUES (?, ?, ?, ?)[0m  [["key", "environment"], ["value", "development"], ["created_at", "2018-06-18 10:15:05.253986"], ["updated_at", "2018-06-18 10:15:05.253986"]]
  [1m[35m (1.0ms)[0m  [1m[36mcommit transaction[0m
  [1m[35m (0.2ms)[0m  [1m[34mSELECT "schema_migrations"."version" FROM "schema_migrations" ORDER BY "schema_migrations"."version" ASC[0m
  [1m[35m (0.5ms)[0m  [1m[34mSELECT "schema_migrations"."version" FROM "schema_migrations" ORDER BY "schema_migrations"."version" ASC[0m
  [1m[36mActiveRecord::InternalMetadata Load (0.8ms)[0m  [1m[34mSELECT  "ar_internal_metadata".* FROM "ar_internal_metadata" WHERE "ar_internal_metadata"."key" = ? LIMIT ?[0m  [["key", "environment"], ["LIMIT", 1]]
  [1m[35m (0.1ms)[0m  [1m[36mbegin transaction[0m
  [1m[35m (0.0ms)[0m  [1m[36mcommit transaction[0m
  [1m[35m (0.1ms)[0m  [1m[34mSELECT "schema_migrations"."version" FROM "schema_migrations" ORDER BY "schema_migrations"."version" ASC[0m
Started GET "/orders" for 127.0.0.1 at 2018-06-18 13:27:40 +0300
  [1m[35m (0.5ms)[0m  [1m[34mSELECT "schema_migrations"."version" FROM "schema_migrations" ORDER BY "schema_migrations"."version" ASC[0m
Processing by OrdersController#index as HTML
  Rendering orders/index.html.erb within layouts/application
  [1m[36mOrder Load (0.5ms)[0m  [1m[34mSELECT "orders".* FROM "orders"[0m
  Rendered orders/index.html.erb within layouts/application (4.7ms)
Completed 200 OK in 700ms (Views: 675.1ms | ActiveRecord: 0.8ms)


Started GET "/rails/info/routes" for 127.0.0.1 at 2018-06-18 13:30:32 +0300
Processing by Rails::InfoController#routes as HTML
  Rendering /Users/mariika5/.rvm/gems/ruby-2.5.1@rails516/gems/railties-5.1.6/lib/rails/templates/rails/info/routes.html.erb within layouts/application
  Rendered collection of /Users/mariika5/.rvm/gems/ruby-2.5.1@rails516/gems/actionpack-5.1.6/lib/action_dispatch/middleware/templates/routes/_route.html.erb [8 times] (10.6ms)
  Rendered /Users/mariika5/.rvm/gems/ruby-2.5.1@rails516/gems/actionpack-5.1.6/lib/action_dispatch/middleware/templates/routes/_table.html.erb (10.8ms)
  Rendered /Users/mariika5/.rvm/gems/ruby-2.5.1@rails516/gems/railties-5.1.6/lib/rails/templates/rails/info/routes.html.erb within layouts/application (31.5ms)
Completed 200 OK in 54ms (Views: 46.7ms | ActiveRecord: 0.0ms)


Started GET "/orders" for 127.0.0.1 at 2018-06-18 13:36:58 +0300
Processing by OrdersController#index as HTML
  Rendering orders/index.html.erb within layouts/application
  [1m[36mOrder Load (0.5ms)[0m  [1m[34mSELECT "orders".* FROM "orders"[0m
  Rendered orders/index.html.erb within layouts/application (2.2ms)
Completed 200 OK in 64ms (Views: 58.7ms | ActiveRecord: 0.5ms)


Started GET "/orders/new" for 127.0.0.1 at 2018-06-18 13:37:07 +0300
Processing by OrdersController#new as HTML
  Rendering orders/new.html.erb within layouts/application
  Rendered orders/_form.html.erb (37.4ms)
  Rendered orders/new.html.erb within layouts/application (42.8ms)
Completed 200 OK in 100ms (Views: 81.3ms | ActiveRecord: 0.6ms)


Started POST "/orders" for 127.0.0.1 at 2018-06-18 13:37:25 +0300
Processing by OrdersController#create as HTML
  Parameters: {"utf8"=>"✓", "authenticity_token"=>"W8FS75tTPjdGCEUY3YY64iiG8k+kKvvt58PMYpn4tgDnkdRVAESspwbrYCTH4B9gCMbLWJRcFXpQ39kBm8Ey1w==", "order"=>{"name"=>"ASdfh", "email"=>"kbhug", "phone"=>"12355"}, "commit"=>"Create Order"}
  [1m[35m (0.6ms)[0m  [1m[36mbegin transaction[0m
  [1m[35mSQL (0.9ms)[0m  [1m[32mINSERT INTO "orders" ("name", "email", "phone", "created_at", "updated_at") VALUES (?, ?, ?, ?, ?)[0m  [["name", "ASdfh"], ["email", "kbhug"], ["phone", 12355], ["created_at", "2018-06-18 10:37:25.870578"], ["updated_at", "2018-06-18 10:37:25.870578"]]
  [1m[35m (0.9ms)[0m  [1m[36mcommit transaction[0m
Redirected to http://localhost:3000/orders/1
Completed 302 Found in 8ms (ActiveRecord: 2.4ms)


Started GET "/orders/1" for 127.0.0.1 at 2018-06-18 13:37:25 +0300
Processing by OrdersController#show as HTML
  Parameters: {"id"=>"1"}
  [1m[36mOrder Load (0.3ms)[0m  [1m[34mSELECT  "orders".* FROM "orders" WHERE "orders"."id" = ? LIMIT ?[0m  [["id", 1], ["LIMIT", 1]]
  Rendering orders/show.html.erb within layouts/application
  Rendered orders/show.html.erb within layouts/application (1.8ms)
Completed 200 OK in 58ms (Views: 45.7ms | ActiveRecord: 0.3ms)


Started GET "/orders" for 127.0.0.1 at 2018-06-18 13:37:29 +0300
Processing by OrdersController#index as HTML
  Rendering orders/index.html.erb within layouts/application
  [1m[36mOrder Load (0.2ms)[0m  [1m[34mSELECT "orders".* FROM "orders"[0m
  Rendered orders/index.html.erb within layouts/application (2.5ms)
Completed 200 OK in 51ms (Views: 45.2ms | ActiveRecord: 0.2ms)


Started GET "/orders/new" for 127.0.0.1 at 2018-06-18 13:37:30 +0300
Processing by OrdersController#new as HTML
  Rendering orders/new.html.erb within layouts/application
  Rendered orders/_form.html.erb (2.8ms)
  Rendered orders/new.html.erb within layouts/application (7.1ms)
Completed 200 OK in 40ms (Views: 33.1ms | ActiveRecord: 0.0ms)


Started POST "/orders" for 127.0.0.1 at 2018-06-18 13:37:40 +0300
Processing by OrdersController#create as HTML
  Parameters: {"utf8"=>"✓", "authenticity_token"=>"L7doQQmSuH9+pMCqMsYCh08FVsRr53mYzfwqZ4X/nuST5+77koUq7z5H5ZYooCcFb0Vv01uRlw964D8Eh8YaMw==", "order"=>{"name"=>"ufvyf", "email"=>"ukgbuk9808", "phone"=>"47657586"}, "commit"=>"Create Order"}
  [1m[35m (0.2ms)[0m  [1m[36mbegin transaction[0m
  [1m[35mSQL (0.4ms)[0m  [1m[32mINSERT INTO "orders" ("name", "email", "phone", "created_at", "updated_at") VALUES (?, ?, ?, ?, ?)[0m  [["name", "ufvyf"], ["email", "ukgbuk9808"], ["phone", 47657586], ["created_at", "2018-06-18 10:37:40.366202"], ["updated_at", "2018-06-18 10:37:40.366202"]]
  [1m[35m (1.0ms)[0m  [1m[36mcommit transaction[0m
Redirected to http://localhost:3000/orders/2
Completed 302 Found in 4ms (ActiveRecord: 1.5ms)


Started GET "/orders/2" for 127.0.0.1 at 2018-06-18 13:37:40 +0300
Processing by OrdersController#show as HTML
  Parameters: {"id"=>"2"}
  [1m[36mOrder Load (0.2ms)[0m  [1m[34mSELECT  "orders".* FROM "orders" WHERE "orders"."id" = ? LIMIT ?[0m  [["id", 2], ["LIMIT", 1]]
  Rendering orders/show.html.erb within layouts/application
  Rendered orders/show.html.erb within layouts/application (0.8ms)
Completed 200 OK in 31ms (Views: 26.9ms | ActiveRecord: 0.2ms)


Started GET "/orders" for 127.0.0.1 at 2018-06-18 13:37:42 +0300
Processing by OrdersController#index as HTML
  Rendering orders/index.html.erb within layouts/application
  [1m[36mOrder Load (0.2ms)[0m  [1m[34mSELECT "orders".* FROM "orders"[0m
  Rendered orders/index.html.erb within layouts/application (2.1ms)
Completed 200 OK in 32ms (Views: 28.0ms | ActiveRecord: 0.2ms)


Started GET "/orders/new" for 127.0.0.1 at 2018-06-18 13:37:43 +0300
Processing by OrdersController#new as HTML
  Rendering orders/new.html.erb within layouts/application
  Rendered orders/_form.html.erb (2.5ms)
  Rendered orders/new.html.erb within layouts/application (6.2ms)
Completed 200 OK in 37ms (Views: 32.3ms | ActiveRecord: 0.0ms)


Started POST "/orders" for 127.0.0.1 at 2018-06-18 13:37:50 +0300
Processing by OrdersController#create as HTML
  Parameters: {"utf8"=>"✓", "authenticity_token"=>"yt+cYa5Qt3Zp8B3930E2iUz+WHbE8sNg9kZlF7Z7E+J2jxrbNUcl5ikTOMHFJxMLbL5hYfSELfdBWnB0tEKXNQ==", "order"=>{"name"=>"ufuyfvy6876", "email"=>"gvghhcdh68", "phone"=>"446568"}, "commit"=>"Create Order"}
  [1m[35m (0.1ms)[0m  [1m[36mbegin transaction[0m
  [1m[35mSQL (0.4ms)[0m  [1m[32mINSERT INTO "orders" ("name", "email", "phone", "created_at", "updated_at") VALUES (?, ?, ?, ?, ?)[0m  [["name", "ufuyfvy6876"], ["email", "gvghhcdh68"], ["phone", 446568], ["created_at", "2018-06-18 10:37:50.159853"], ["updated_at", "2018-06-18 10:37:50.159853"]]
  [1m[35m (1.0ms)[0m  [1m[36mcommit transaction[0m
Redirected to http://localhost:3000/orders/3
Completed 302 Found in 4ms (ActiveRecord: 1.4ms)


Started GET "/orders/3" for 127.0.0.1 at 2018-06-18 13:37:50 +0300
Processing by OrdersController#show as HTML
  Parameters: {"id"=>"3"}
  [1m[36mOrder Load (0.2ms)[0m  [1m[34mSELECT  "orders".* FROM "orders" WHERE "orders"."id" = ? LIMIT ?[0m  [["id", 3], ["LIMIT", 1]]
  Rendering orders/show.html.erb within layouts/application
  Rendered orders/show.html.erb within layouts/application (1.5ms)
Completed 200 OK in 36ms (Views: 31.3ms | ActiveRecord: 0.2ms)


Started GET "/orders" for 127.0.0.1 at 2018-06-18 13:37:51 +0300
Processing by OrdersController#index as HTML
  Rendering orders/index.html.erb within layouts/application
  [1m[36mOrder Load (0.2ms)[0m  [1m[34mSELECT "orders".* FROM "orders"[0m
  Rendered orders/index.html.erb within layouts/application (2.7ms)
Completed 200 OK in 35ms (Views: 30.8ms | ActiveRecord: 0.2ms)


Started GET "/orders/new" for 127.0.0.1 at 2018-06-18 13:37:52 +0300
Processing by OrdersController#new as HTML
  Rendering orders/new.html.erb within layouts/application
  Rendered orders/_form.html.erb (2.7ms)
  Rendered orders/new.html.erb within layouts/application (6.5ms)
Completed 200 OK in 39ms (Views: 35.2ms | ActiveRecord: 0.0ms)


Started POST "/orders" for 127.0.0.1 at 2018-06-18 13:37:58 +0300
Processing by OrdersController#create as HTML
  Parameters: {"utf8"=>"✓", "authenticity_token"=>"3x7ecj/Dk6R9WQXNcAd40/WlHgxtTCwYCRIo/ymFQ+pjTljIpNQBND26IPFqYV1R1eUnG106wo++Dj2cK7zHPQ==", "order"=>{"name"=>"fhfcvhfv", "email"=>"yfr576gj", "phone"=>"575786"}, "commit"=>"Create Order"}
  [1m[35m (0.1ms)[0m  [1m[36mbegin transaction[0m
  [1m[35mSQL (0.4ms)[0m  [1m[32mINSERT INTO "orders" ("name", "email", "phone", "created_at", "updated_at") VALUES (?, ?, ?, ?, ?)[0m  [["name", "fhfcvhfv"], ["email", "yfr576gj"], ["phone", 575786], ["created_at", "2018-06-18 10:37:58.882575"], ["updated_at", "2018-06-18 10:37:58.882575"]]
  [1m[35m (1.0ms)[0m  [1m[36mcommit transaction[0m
Redirected to http://localhost:3000/orders/4
Completed 302 Found in 4ms (ActiveRecord: 1.4ms)


Started GET "/orders/4" for 127.0.0.1 at 2018-06-18 13:37:58 +0300
Processing by OrdersController#show as HTML
  Parameters: {"id"=>"4"}
  [1m[36mOrder Load (0.1ms)[0m  [1m[34mSELECT  "orders".* FROM "orders" WHERE "orders"."id" = ? LIMIT ?[0m  [["id", 4], ["LIMIT", 1]]
  Rendering orders/show.html.erb within layouts/application
  Rendered orders/show.html.erb within layouts/application (1.0ms)
Completed 200 OK in 29ms (Views: 25.4ms | ActiveRecord: 0.1ms)


Started GET "/orders" for 127.0.0.1 at 2018-06-18 13:38:00 +0300
Processing by OrdersController#index as HTML
  Rendering orders/index.html.erb within layouts/application
  [1m[36mOrder Load (0.2ms)[0m  [1m[34mSELECT "orders".* FROM "orders"[0m
  Rendered orders/index.html.erb within layouts/application (3.0ms)
Completed 200 OK in 37ms (Views: 33.1ms | ActiveRecord: 0.2ms)


Started GET "/orders/new" for 127.0.0.1 at 2018-06-18 13:38:02 +0300
Processing by OrdersController#new as HTML
  Rendering orders/new.html.erb within layouts/application
  Rendered orders/_form.html.erb (2.7ms)
  Rendered orders/new.html.erb within layouts/application (6.4ms)
Completed 200 OK in 38ms (Views: 33.6ms | ActiveRecord: 0.0ms)


Started POST "/orders" for 127.0.0.1 at 2018-06-18 13:38:08 +0300
Processing by OrdersController#create as HTML
  Parameters: {"utf8"=>"✓", "authenticity_token"=>"c5xvD20sNzzhe0pZJxZGV/lSXQTJYWs0p2kOD7VlaRbPzOm19julrKGYb2U9cGPV2RJkE/kXhaMQdRtst1ztwQ==", "order"=>{"name"=>",bvj,gbugk.gb", "email"=>"jvfj,gvuj,gug", "phone"=>"14247"}, "commit"=>"Create Order"}
  [1m[35m (0.1ms)[0m  [1m[36mbegin transaction[0m
  [1m[35mSQL (0.4ms)[0m  [1m[32mINSERT INTO "orders" ("name", "email", "phone", "created_at", "updated_at") VALUES (?, ?, ?, ?, ?)[0m  [["name", ",bvj,gbugk.gb"], ["email", "jvfj,gvuj,gug"], ["phone", 14247], ["created_at", "2018-06-18 10:38:08.600640"], ["updated_at", "2018-06-18 10:38:08.600640"]]
  [1m[35m (1.0ms)[0m  [1m[36mcommit transaction[0m
Redirected to http://localhost:3000/orders/5
Completed 302 Found in 4ms (ActiveRecord: 1.5ms)


Started GET "/orders/5" for 127.0.0.1 at 2018-06-18 13:38:08 +0300
Processing by OrdersController#show as HTML
  Parameters: {"id"=>"5"}
  [1m[36mOrder Load (0.2ms)[0m  [1m[34mSELECT  "orders".* FROM "orders" WHERE "orders"."id" = ? LIMIT ?[0m  [["id", 5], ["LIMIT", 1]]
  Rendering orders/show.html.erb within layouts/application
  Rendered orders/show.html.erb within layouts/application (0.9ms)
Completed 200 OK in 33ms (Views: 28.7ms | ActiveRecord: 0.2ms)


Started GET "/orders" for 127.0.0.1 at 2018-06-18 13:38:10 +0300
Processing by OrdersController#index as HTML
  Rendering orders/index.html.erb within layouts/application
  [1m[36mOrder Load (0.3ms)[0m  [1m[34mSELECT "orders".* FROM "orders"[0m
  Rendered orders/index.html.erb within layouts/application (3.4ms)
Completed 200 OK in 36ms (Views: 32.0ms | ActiveRecord: 0.3ms)


Started GET "/orders/3/edit" for 127.0.0.1 at 2018-06-18 13:39:03 +0300
Processing by OrdersController#edit as HTML
  Parameters: {"id"=>"3"}
  [1m[36mOrder Load (0.2ms)[0m  [1m[34mSELECT  "orders".* FROM "orders" WHERE "orders"."id" = ? LIMIT ?[0m  [["id", 3], ["LIMIT", 1]]
  Rendering orders/edit.html.erb within layouts/application
  Rendered orders/_form.html.erb (2.7ms)
  Rendered orders/edit.html.erb within layouts/application (6.9ms)
Completed 200 OK in 42ms (Views: 36.4ms | ActiveRecord: 0.2ms)


Started PATCH "/orders/3" for 127.0.0.1 at 2018-06-18 13:39:07 +0300
Processing by OrdersController#update as HTML
  Parameters: {"utf8"=>"✓", "authenticity_token"=>"eG+a3BIsOlqonIliX/aKkJi8uiSxzhIBJG/pXUe6765KbJRl0LJB63I+DgaPzSoj/GZRpSC83qrMyiEbTQfKzQ==", "order"=>{"name"=>"ufuyfvy6876", "email"=>"gvghhcdh6", "phone"=>"446568"}, "commit"=>"Update Order", "id"=>"3"}
  [1m[36mOrder Load (0.2ms)[0m  [1m[34mSELECT  "orders".* FROM "orders" WHERE "orders"."id" = ? LIMIT ?[0m  [["id", 3], ["LIMIT", 1]]
  [1m[35m (0.1ms)[0m  [1m[36mbegin transaction[0m
  [1m[35mSQL (0.4ms)[0m  [1m[33mUPDATE "orders" SET "email" = ?, "updated_at" = ? WHERE "orders"."id" = ?[0m  [["email", "gvghhcdh6"], ["updated_at", "2018-06-18 10:39:07.978455"], ["id", 3]]
  [1m[35m (1.0ms)[0m  [1m[36mcommit transaction[0m
Redirected to http://localhost:3000/orders/3
Completed 302 Found in 6ms (ActiveRecord: 1.6ms)


Started GET "/orders/3" for 127.0.0.1 at 2018-06-18 13:39:07 +0300
Processing by OrdersController#show as HTML
  Parameters: {"id"=>"3"}
  [1m[36mOrder Load (0.2ms)[0m  [1m[34mSELECT  "orders".* FROM "orders" WHERE "orders"."id" = ? LIMIT ?[0m  [["id", 3], ["LIMIT", 1]]
  Rendering orders/show.html.erb within layouts/application
  Rendered orders/show.html.erb within layouts/application (0.9ms)
Completed 200 OK in 33ms (Views: 27.9ms | ActiveRecord: 0.2ms)


Started GET "/orders" for 127.0.0.1 at 2018-06-18 13:39:10 +0300
Processing by OrdersController#index as HTML
  Rendering orders/index.html.erb within layouts/application
  [1m[36mOrder Load (0.2ms)[0m  [1m[34mSELECT "orders".* FROM "orders"[0m
  Rendered orders/index.html.erb within layouts/application (3.1ms)
Completed 200 OK in 36ms (Views: 29.0ms | ActiveRecord: 0.2ms)


Started GET "/orders/2" for 127.0.0.1 at 2018-06-18 14:03:51 +0300
Processing by OrdersController#show as HTML
  Parameters: {"id"=>"2"}
  [1m[36mOrder Load (3.7ms)[0m  [1m[34mSELECT  "orders".* FROM "orders" WHERE "orders"."id" = ? LIMIT ?[0m  [["id", 2], ["LIMIT", 1]]
  Rendering orders/show.html.erb within layouts/application
  Rendered orders/show.html.erb within layouts/application (10.4ms)
Completed 200 OK in 100ms (Views: 71.9ms | ActiveRecord: 3.7ms)


Started GET "/orders" for 127.0.0.1 at 2018-06-18 14:04:00 +0300
Processing by OrdersController#index as HTML
  Rendering orders/index.html.erb within layouts/application
  [1m[36mOrder Load (0.5ms)[0m  [1m[34mSELECT "orders".* FROM "orders"[0m
  Rendered orders/index.html.erb within layouts/application (6.9ms)
Completed 200 OK in 57ms (Views: 50.4ms | ActiveRecord: 0.5ms)


Started GET "/orders/1/edit" for 127.0.0.1 at 2018-06-18 14:04:03 +0300
Processing by OrdersController#edit as HTML
  Parameters: {"id"=>"1"}
  [1m[36mOrder Load (0.2ms)[0m  [1m[34mSELECT  "orders".* FROM "orders" WHERE "orders"."id" = ? LIMIT ?[0m  [["id", 1], ["LIMIT", 1]]
  Rendering orders/edit.html.erb within layouts/application
  Rendered orders/_form.html.erb (9.2ms)
  Rendered orders/edit.html.erb within layouts/application (14.6ms)
Completed 200 OK in 59ms (Views: 52.9ms | ActiveRecord: 0.2ms)


